0 info it worked if it ends with ok
1 verbose cli [ '/Users/fresh/.nvm/versions/node/v7.7.2/bin/node',
1 verbose cli   '/Users/fresh/.nvm/versions/node/v7.7.2/bin/npm',
1 verbose cli   'run',
1 verbose cli   'server' ]
2 info using npm@4.1.2
3 info using node@v7.7.2
4 verbose run-script [ 'preserver', 'server', 'postserver' ]
5 info lifecycle stripe-demo@1.0.0~preserver: stripe-demo@1.0.0
6 silly lifecycle stripe-demo@1.0.0~preserver: no script for preserver, continuing
7 info lifecycle stripe-demo@1.0.0~server: stripe-demo@1.0.0
8 verbose lifecycle stripe-demo@1.0.0~server: unsafe-perm in lifecycle true
9 verbose lifecycle stripe-demo@1.0.0~server: PATH: /Users/fresh/.nvm/versions/node/v7.7.2/lib/node_modules/npm/bin/node-gyp-bin:/Users/fresh/code/project6895268952/crop-quoter/quoter-17/node_modules/.bin:/Users/fresh/.nvm/versions/node/v7.7.2/lib/node_modules/npm/bin/node-gyp-bin:/Users/fresh/code/project6895268952/crop-quoter/quoter-17/node_modules/.bin:/Library/Frameworks/Python.framework/Versions/3.4/bin:/Users/fresh/.rvm/gems/ruby-2.2.2/bin:/Users/fresh/.rvm/gems/ruby-2.2.2@global/bin:/Users/fresh/.rvm/rubies/ruby-2.2.2/bin:/Users/fresh/.nvm/versions/node/v7.7.2/bin:/usr/local/bin:/usr/bin:/bin:/usr/sbin:/sbin:/Users/fresh/.rvm/bin:/Applications/Postgres.app/Contents/Versions/9.4/bin:/Users/fresh/.rvm/bin:/Users/fresh/bin
10 verbose lifecycle stripe-demo@1.0.0~server: CWD: /Users/fresh/code/project6895268952/crop-quoter/quoter-17
11 silly lifecycle stripe-demo@1.0.0~server: Args: [ '-c', 'babel-node server.js' ]
12 silly lifecycle stripe-demo@1.0.0~server: Returned: code: 1  signal: null
13 info lifecycle stripe-demo@1.0.0~server: Failed to exec server script
14 verbose stack Error: stripe-demo@1.0.0 server: `babel-node server.js`
14 verbose stack Exit status 1
14 verbose stack     at EventEmitter.<anonymous> (/Users/fresh/.nvm/versions/node/v7.7.2/lib/node_modules/npm/lib/utils/lifecycle.js:279:16)
14 verbose stack     at emitTwo (events.js:106:13)
14 verbose stack     at EventEmitter.emit (events.js:194:7)
14 verbose stack     at ChildProcess.<anonymous> (/Users/fresh/.nvm/versions/node/v7.7.2/lib/node_modules/npm/lib/utils/spawn.js:40:14)
14 verbose stack     at emitTwo (events.js:106:13)
14 verbose stack     at ChildProcess.emit (events.js:194:7)
14 verbose stack     at maybeClose (internal/child_process.js:899:16)
14 verbose stack     at Process.ChildProcess._handle.onexit (internal/child_process.js:226:5)
15 verbose pkgid stripe-demo@1.0.0
16 verbose cwd /Users/fresh/code/project6895268952/crop-quoter/quoter-17
17 error Darwin 15.6.0
18 error argv "/Users/fresh/.nvm/versions/node/v7.7.2/bin/node" "/Users/fresh/.nvm/versions/node/v7.7.2/bin/npm" "run" "server"
19 error node v7.7.2
20 error npm  v4.1.2
21 error code ELIFECYCLE
22 error stripe-demo@1.0.0 server: `babel-node server.js`
22 error Exit status 1
23 error Failed at the stripe-demo@1.0.0 server script 'babel-node server.js'.
23 error Make sure you have the latest version of node.js and npm installed.
23 error If you do, this is most likely a problem with the stripe-demo package,
23 error not with npm itself.
23 error Tell the author that this fails on your system:
23 error     babel-node server.js
23 error You can get information on how to open an issue for this project with:
23 error     npm bugs stripe-demo
23 error Or if that isn't available, you can get their info via:
23 error     npm owner ls stripe-demo
23 error There is likely additional logging output above.
24 verbose exit [ 1, true ]
